================================================================================
Appcelerator Titanium Diagnostics Build Log
The contents of this file are useful to send to Appcelerator Support if
reporting an issue to help us understand your environment, build settings
and aid in debugging. Please attach this log to any issue that you report.
================================================================================

Starting build at 01/26/11 15:00

Build details:

   timestamp=12/16/10 16:25
   version=1.5.1
   githash=16bbb92


Script arguments:
   /Library/Application Support/Titanium/mobilesdk/osx/1.5.1/iphone/builder.py
   simulator
   "4.2"
   "/Users/gakan/Documents/gkan-projects/Android/android-tests/smurf"
   smurf.grepr.iv
   "smurf"
   iphone

Building from: /Library/Application Support/Titanium/mobilesdk/osx/1.5.1/iphone
Platform: Darwin Kernel Version 10.6.0: Wed Nov 10 18:13:17 PST 2010; root:xnu-1504.9.26~3/RELEASE_I386

Xcode path is: /Developer


githash=16bbb92, existing_git_hash=16bbb92
writing contents of /Users/gakan/Documents/gkan-projects/Android/android-tests/smurf/build/iphone/project.xcconfig:

TI_VERSION=1.5.1
TI_SDK_DIR=/Library/Application Support/Titanium/mobilesdk/osx/$(TI_VERSION)/iphone
TI_APPID=smurf.grepr.iv
OTHER_LDFLAGS[sdk=iphoneos4*]=$(inherited) -weak_framework iAd
OTHER_LDFLAGS[sdk=iphonesimulator4*]=$(inherited) -weak_framework iAd
#include "module"

old contents


Generated the following stylecode code:

<?xml version="1.0" encoding="UTF-8"?>
<!DOCTYPE plist PUBLIC "-//Apple//DTD PLIST 1.0//EN" "http://www.apple.com/DTDs/PropertyList-1.0.dtd">
<plist version="1.0">
	<dict>
		<key>classes</key>
		<dict>
</dict>

		<key>classes_density</key>
		<dict>
</dict>

		<key>ids</key>
		<dict>
</dict>

		<key>ids_density</key>
		<dict>
</dict>

	</dict>
</plist>
Finishing build
